{
  "RSpec": {
    "coverage": {
      "/home/dealencarmarcelo/Projects/rails/authentication-rails/spec/support/api_spec_helper.rb": {
        "lines": [
          1,
          1,
          0,
          null,
          null,
          1,
          0,
          0,
          null,
          null
        ]
      },
      "/home/dealencarmarcelo/Projects/rails/authentication-rails/spec/support/shoulda_matchers.rb": {
        "lines": [
          1,
          1,
          1,
          null,
          1,
          1,
          null,
          null
        ]
      },
      "/home/dealencarmarcelo/Projects/rails/authentication-rails/spec/services/auth/signin_spec.rb": {
        "lines": [
          1,
          null,
          1,
          3,
          null,
          1,
          1,
          1,
          1,
          null,
          1,
          null,
          null,
          null,
          1,
          1,
          null,
          null,
          null,
          1,
          1,
          1,
          null,
          1,
          null,
          null,
          null,
          1,
          2,
          null,
          null,
          null,
          null
        ]
      },
      "/home/dealencarmarcelo/Projects/rails/authentication-rails/app/services/api/v1/auth/signin_service.rb": {
        "lines": [
          1,
          1,
          null,
          1,
          5,
          null,
          null,
          1,
          5,
          null,
          null,
          1,
          null,
          1,
          5,
          null,
          5,
          null,
          2,
          null,
          2,
          null,
          null
        ]
      },
      "/home/dealencarmarcelo/Projects/rails/authentication-rails/app/models/user.rb": {
        "lines": [
          1,
          1,
          null,
          1,
          null,
          1,
          null,
          null,
          null,
          null,
          1,
          null
        ]
      },
      "/home/dealencarmarcelo/Projects/rails/authentication-rails/app/models/application_record.rb": {
        "lines": [
          1,
          1,
          null
        ]
      },
      "/home/dealencarmarcelo/Projects/rails/authentication-rails/spec/services/auth/signup_spec.rb": {
        "lines": [
          1,
          null,
          1,
          3,
          null,
          1,
          1,
          1,
          1,
          null,
          1,
          null,
          null,
          null,
          null,
          null,
          null,
          null,
          1,
          1,
          null,
          null,
          null,
          1,
          1,
          1,
          null,
          1,
          null,
          null,
          null,
          null,
          null,
          null,
          null,
          1,
          2,
          null,
          null,
          null,
          null
        ]
      },
      "/home/dealencarmarcelo/Projects/rails/authentication-rails/app/services/api/v1/auth/signup_service.rb": {
        "lines": [
          1,
          1,
          null,
          1,
          3,
          null,
          null,
          1,
          3,
          null,
          null,
          1,
          null,
          1,
          null,
          1,
          3,
          null,
          3,
          null,
          2,
          null,
          2,
          null,
          null
        ]
      },
      "/home/dealencarmarcelo/Projects/rails/authentication-rails/app/controllers/api/v1/auth_controller.rb": {
        "lines": [
          1,
          1,
          3,
          1,
          null,
          null,
          1,
          1,
          1,
          null,
          null,
          1,
          null,
          1,
          4,
          null,
          null,
          null,
          null,
          null,
          null,
          null,
          null,
          null,
          1,
          2,
          null,
          null
        ]
      },
      "/home/dealencarmarcelo/Projects/rails/authentication-rails/app/controllers/application_controller.rb": {
        "lines": [
          null,
          1,
          1,
          null,
          1,
          null,
          1,
          null,
          1,
          2,
          null,
          2,
          2,
          null,
          2,
          null,
          2,
          null,
          2,
          null,
          2,
          null,
          null
        ]
      },
      "/home/dealencarmarcelo/Projects/rails/authentication-rails/app/controllers/concerns/api_common_response.rb": {
        "lines": [
          null,
          1,
          1,
          null,
          1,
          2,
          null,
          null,
          1,
          0,
          null,
          null,
          1,
          0,
          0,
          null,
          null,
          1,
          0,
          null,
          null,
          1,
          null,
          1,
          0,
          null,
          null
        ]
      },
      "/home/dealencarmarcelo/Projects/rails/authentication-rails/app/errors/error_handler.rb": {
        "lines": [
          1,
          null
        ]
      },
      "/home/dealencarmarcelo/Projects/rails/authentication-rails/app/lib/json_web_token.rb": {
        "lines": [
          1,
          1,
          null,
          1,
          4,
          4,
          null,
          null,
          1,
          null,
          0,
          0,
          0,
          0,
          null,
          null,
          null
        ]
      },
      "/home/dealencarmarcelo/Projects/rails/authentication-rails/app/serializers/api/v1/user_serializer.rb": {
        "lines": [
          null,
          1,
          1,
          null,
          null,
          null,
          1,
          2,
          null,
          null
        ]
      }
    },
    "timestamp": 1657589388
  }
}
